                ********************************
                *            Suscep            *
                ********************************
  part of the J2suscep package for calculating coupling constants
  and magnestic susceptability 
 
  Suscep calculates the temperature dependence of magnetic 
  susceptibility on coupling constants.
 
 Number of Magnetic centers:           4
 The J values(cm-1) given are:  -1.00000000000000000    -0.40000000000000002  
 g value:   2.02000000000000     
 Dimension of hamiltonian matrix          36
 Rows X Columns in Hamiltonian matrix:   36 X   36
 Metal Number:
           1           2           3           4
 Spin on the Metal:
          1.0          1.0          0.5          0.5
 J value (cm-1) with the pairs on which they act
             -1.0000  12  34  xx  xx  
             -0.4000  13  14  23  24  
size of spin matrix:  4 X   3 =  12
 Magnetic Spin Quantum no. Ms matrix:
   1.0   0.0  -1.0
   1.0   0.0  -1.0
   0.5  -0.5   xx
   0.5  -0.5   xx
 
 Temperature           Chi                  Chi*Temp
   1              0.283111151              0.283111151
   2              0.410416162              0.820832324
   3              0.397607831              1.192823494
   4              0.366393291              1.465573164
   5              0.333587580              1.667937901
   6              0.303526175              1.821157049
   7              0.277138550              1.939969847
   8              0.254280366              2.034242926
   9              0.234510903              2.110598123
  10              0.217355991              2.173559914
  11              0.202390029              2.226290321
  12              0.189254211              2.271050529
  13              0.177653311              2.309493045
  14              0.167346419              2.342849867
  15              0.158137083              2.372056252
  16              0.149864617              2.397833866
  17              0.142396930              2.420747810
  18              0.135624806              2.441246505
  19              0.129457373              2.459690081
  20              0.123818547              2.476370933
  21              0.118644230              2.491528829
  22              0.113880099              2.505362172
  23              0.109479848              2.518036502
  24              0.105403792              2.529691004
  25              0.101617741              2.540443523
  26              0.098092096              2.550394490
  27              0.094801112              2.559630012
  28              0.091722297              2.568224329
  29              0.088835924              2.576241783
  30              0.086124614              2.583738410
  31              0.083573008              2.590763235
  32              0.081167479              2.597359333
  33              0.078895900              2.603564701
  34              0.076747441              2.609412987
  35              0.074712403              2.614934088
  36              0.072782074              2.620154663
  37              0.070948610              2.625098555
  38              0.069204925              2.629787155
  39              0.067544608              2.634239708
  40              0.065961839              2.638473574
  41              0.064451328              2.642504456
  42              0.063008252              2.646346588
  43              0.061628207              2.650012908
  44              0.060307164              2.653515198
  45              0.059041427              2.656864212
  46              0.057827604              2.660069785
  47              0.056662573              2.663140929
  48              0.055543457              2.666085918
  49              0.054467599              2.668912360
  50              0.053432545              2.671627266
  51              0.052436022              2.674237103
  52              0.051475920              2.676747849
  53              0.050550284              2.679165039
  54              0.049657293              2.681493801
  55              0.048795253              2.683738896
  56              0.047962585              2.685904751
  57              0.047157816              2.687995484
  58              0.046379568              2.690014935
  59              0.045626554              2.691966685
  60              0.044897568              2.693854081
  61              0.044191480              2.695680251
  62              0.043507228              2.697448125
  63              0.042843817              2.699160450
  64              0.042200309              2.700819801
  65              0.041575825              2.702428597
  66              0.040969532              2.703989114
  67              0.040380649              2.705503491
  68              0.039808437              2.706973743
  69              0.039252200              2.708401770
  70              0.038711277              2.709789365
  71              0.038185045              2.711138221
  72              0.037672916              2.712449935
  73              0.037174329              2.713726021
  74              0.036688756              2.714967911
  75              0.036215693              2.716176959
  76              0.035754664              2.717354452
  77              0.035305216              2.718501608
  78              0.034866918              2.719619584
  79              0.034439360              2.720709479
  80              0.034022154              2.721772338
  81              0.033614928              2.722809154
  82              0.033217328              2.723820872
  83              0.032829017              2.724808392
  84              0.032449673              2.725772572
  85              0.032078991              2.726714230
  86              0.031716676              2.727634145
  87              0.031362449              2.728533061
  88              0.031016042              2.729411689
  89              0.030677199              2.730270708
  90              0.030345675              2.731110767
  91              0.030021236              2.731932486
  92              0.029703657              2.732736460
  93              0.029392723              2.733523258
  94              0.029088228              2.734293423
  95              0.028789973              2.735047477
  96              0.028497770              2.735785921
  97              0.028211435              2.736509234
  98              0.027930795              2.737217876
  99              0.027655680              2.737912289
 100              0.027385929              2.738592898
 101              0.027121387              2.739260110
 102              0.026861905              2.739914316
 103              0.026607339              2.740555893
 104              0.026357550              2.741185202
 105              0.026112406              2.741802594
 106              0.025871777              2.742408402
 107              0.025635542              2.743002950
 108              0.025403579              2.743586548
 109              0.025175775              2.744159497
 110              0.024952019              2.744722085
 111              0.024732204              2.745274591
 112              0.024516226              2.745817282
 113              0.024303986              2.746350420
 114              0.024095388              2.746874252
 115              0.023890339              2.747389021
 116              0.023688750              2.747894960
 117              0.023490532              2.748392295
 118              0.023295604              2.748881242
 119              0.023103882              2.749362012
 120              0.022915290              2.749834809
 121              0.022729751              2.750299829
 122              0.022547191              2.750757263
 123              0.022367539              2.751207294
 124              0.022190727              2.751650101
 125              0.022016687              2.752085857
 126              0.021845355              2.752514728
 127              0.021676668              2.752936876
 128              0.021510566              2.753352459
 129              0.021346989              2.753761628
 130              0.021185881              2.754164530
 131              0.021027186              2.754561308
 132              0.020870849              2.754952101
 133              0.020716820              2.755337044
 134              0.020565047              2.755716266
 135              0.020415481              2.756089894
 136              0.020268074              2.756458051
 137              0.020122780              2.756820857
 138              0.019979554              2.757178426
 139              0.019838352              2.757530873
 140              0.019699131              2.757878305
 141              0.019561850              2.758220830
 142              0.019426469              2.758558550
 143              0.019292948              2.758891565
 144              0.019161250              2.759219974
 145              0.019031337              2.759543872
 146              0.018903174              2.759863350
 147              0.018776724              2.760178499
 148              0.018651955              2.760489405
 149              0.018528833              2.760796155
 150              0.018407326              2.761098830
 151              0.018287401              2.761397512
 152              0.018169028              2.761692278
 153              0.018052178              2.761983206
 154              0.017936821              2.762270370
 155              0.017822928              2.762553842
 156              0.017710472              2.762833694
 157              0.017599427              2.763109993
 158              0.017489765              2.763382808
 159              0.017381460              2.763652204
 160              0.017274489              2.763918244
 161              0.017168826              2.764180991
 162              0.017064448              2.764440506
 163              0.016961330              2.764696848
 164              0.016859452              2.764950075
 165              0.016758789              2.765200243
 166              0.016659322              2.765447407
 167              0.016561028              2.765691622
 168              0.016463887              2.765932939
 169              0.016367878              2.766171410
 170              0.016272983              2.766407085
 171              0.016179181              2.766640012
 172              0.016086455              2.766870240
 173              0.015994785              2.767097816
 174              0.015904154              2.767322784
 175              0.015814544              2.767545189
 176              0.015725938              2.767765076
 177              0.015638319              2.767982486
 178              0.015551671              2.768197460
 179              0.015465978              2.768410041
 180              0.015381224              2.768620267
 181              0.015297393              2.768828177
 182              0.015214471              2.769033810
 183              0.015132444              2.769237202
 184              0.015051296              2.769438391
 185              0.014971013              2.769637411
 186              0.014891582              2.769834298
 187              0.014812990              2.770029085
 188              0.014735222              2.770221807
 189              0.014658267              2.770412495
 190              0.014582111              2.770601182
 191              0.014506743              2.770787899
 192              0.014432149              2.770972677
 193              0.014358319              2.771155545
 194              0.014285240              2.771336534
 195              0.014212901              2.771515672
 196              0.014141291              2.771692988
 197              0.014070399              2.771868508
 198              0.014000213              2.772042261
 199              0.013930725              2.772214272
 200              0.013861923              2.772384568
 201              0.013793797              2.772553174
 202              0.013726337              2.772720116
 203              0.013659534              2.772885418
 204              0.013593378              2.773049103
 205              0.013527859              2.773211196
 206              0.013462970              2.773371719
 207              0.013398699              2.773530696
 208              0.013335039              2.773688148
 209              0.013271981              2.773844098
 210              0.013209517              2.773998566
 211              0.013147638              2.774151574
 212              0.013086336              2.774303143
 213              0.013025602              2.774453292
 214              0.012965430              2.774602041
 215              0.012905811              2.774749411
 216              0.012846738              2.774895419
 217              0.012788203              2.775040086
 218              0.012730199              2.775183428
 219              0.012672719              2.775325465
 220              0.012615756              2.775466214
 221              0.012559302              2.775605692
 222              0.012503351              2.775743917
 223              0.012447896              2.775880905
 224              0.012392932              2.776016674
 225              0.012338450              2.776151238
 226              0.012284445              2.776284615
 227              0.012230911              2.776416819
 228              0.012177842              2.776547867
 229              0.012125230              2.776677773
 230              0.012073072              2.776806552
 231              0.012021360              2.776934219
 232              0.011970090              2.777060788
 233              0.011919254              2.777186273
 234              0.011868849              2.777310688
 235              0.011818868              2.777434047
 236              0.011769307              2.777556363
 237              0.011720159              2.777677649
 238              0.011671420              2.777797918
 239              0.011623084              2.777917183
 240              0.011575148              2.778035457
 241              0.011527605              2.778152752
 242              0.011480451              2.778269079
 243              0.011433681              2.778384451
 244              0.011387290              2.778498880
 245              0.011341275              2.778612376
 246              0.011295630              2.778724952
 247              0.011250351              2.778836619
 248              0.011205433              2.778947387
 249              0.011160873              2.779057267
 250              0.011116665              2.779166270
 251              0.011072806              2.779274407
 252              0.011029292              2.779381687
 253              0.010986119              2.779488121
 254              0.010943282              2.779593719
 255              0.010900778              2.779698491
 256              0.010858603              2.779802445
 257              0.010816753              2.779905593
 258              0.010775225              2.780007942
 259              0.010734014              2.780109503
 260              0.010693116              2.780210285
 261              0.010652530              2.780310296
 262              0.010612250              2.780409545
 263              0.010572274              2.780508040
 264              0.010532598              2.780605792
 265              0.010493218              2.780702807
 266              0.010454132              2.780799094
 267              0.010415336              2.780894661
 268              0.010376827              2.780989517
 269              0.010338601              2.781083669
 270              0.010300656              2.781177125
 271              0.010262989              2.781269892
 272              0.010225596              2.781361979
 273              0.010188474              2.781453393
 274              0.010151621              2.781544141
 275              0.010115034              2.781634230
 276              0.010078709              2.781723667
 277              0.010042644              2.781812461
 278              0.010006837              2.781900616
 279              0.009971284              2.781988141
 280              0.009935982              2.782075042
 281              0.009900930              2.782161326
 282              0.009866124              2.782246999
 283              0.009831562              2.782332068
 284              0.009797241              2.782416538
 285              0.009763159              2.782500418
 286              0.009729314              2.782583711
 287              0.009695702              2.782666426
 288              0.009662321              2.782748567
 289              0.009629170              2.782830141
 290              0.009596245              2.782911153
 291              0.009563545              2.782991610
 292              0.009531067              2.783071516
 293              0.009498808              2.783150878
 294              0.009466768              2.783229702
 295              0.009434942              2.783307992
 296              0.009403330              2.783385753
 297              0.009371929              2.783462993
 298              0.009340737              2.783539714
 299              0.009309752              2.783615924
 300              0.009278972              2.783691626
