                ********************************
                *            Suscep            *
                ********************************
  part of the J2suscep package for calculating coupling constants
  and magnestic susceptability 
 
  Suscep calculates the temperature dependence of magnetic 
  susceptibility on coupling constants.
 
 Number of Magnetic centers:           6
 The J values(cm-1) given are:  -4.66999999999999993    -2.87999999999999989    -1.64999999999999991    -0.40999999999999998    -3.02999999999999980    -2.43999999999999995    -0.06000000000000000    -3.54999999999999982    -1.70999999999999996    -1.55000000000000004  
 g value:   1.99600000000000     
 Dimension of hamiltonian matrix        6400
 Rows X Columns in Hamiltonian matrix: 6400 X 6400
 Metal Number:
           1           2           3           4           5           6
 Spin on the Metal:
          1.5          1.5          2.0          1.5          1.5          2.0
 J value (cm-1) with the pairs on which they act
             -4.6700  12  xx  xx  
             -2.8800  16  xx  xx  
             -1.6500  26  xx  xx  
             -0.4100  36  xx  xx  
             -3.0300  45  xx  xx  
             -2.4400  13  23  xx  
             -0.0600  14  25  xx  
             -3.5500  15  24  xx  
             -1.7100  34  35  xx  
             -1.5500  xx  xx  xx  
size of spin matrix:  6 X   5 =  30
 Magnetic Spin Quantum no. Ms matrix:
   1.5   0.5  -0.5  -1.5   xx
   1.5   0.5  -0.5  -1.5   xx
   2.0   1.0   0.0  -1.0  -2.0
   1.5   0.5  -0.5  -1.5   xx
   1.5   0.5  -0.5  -1.5   xx
   2.0   1.0   0.0  -1.0  -2.0
 
