                ********************************
                *            Suscep            *
                ********************************
  part of the J2suscep package for calculating coupling constants
  and magnestic susceptability 
 
  Suscep calculates the temperature dependence of magnetic 
  susceptibility on coupling constants.
 
 Number of Magnetic centers:           2
 The J values(cm-1) given are: -84.06999999999999318  
 g value:   2.02000000000000     
 Dimension of hamiltonian matrix          25
 Rows X Columns in Hamiltonian matrix:   25 X   25
 Metal Number:
           1           2
 Spin on the Metal:
          2.0          2.0
 J value (cm-1) with the pairs on which they act
            -84.0700  12  
size of spin matrix:  2 X   5 =  10
 Magnetic Spin Quantum no. Ms matrix:
   2.0   1.0   0.0  -1.0  -2.0
   2.0   1.0   0.0  -1.0  -2.0
 
 Temperature           Chi                  Chi*Temp
   1                      NaN                      NaN
   2                      NaN                      NaN
   3              0.000000009              0.000000027
   4              0.000000009              0.000000036
   5              0.000000009              0.000000045
   6              0.000000009              0.000000053
   7              0.000000009              0.000000062
   8              0.000000009              0.000000071
   9              0.000000009              0.000000080
  10              0.000000009              0.000000089
  11              0.000000009              0.000000099
  12              0.000000009              0.000000112
  13              0.000000011              0.000000141
  14              0.000000016              0.000000221
  15              0.000000029              0.000000437
  16              0.000000061              0.000000974
  17              0.000000128              0.000002174
  18              0.000000257              0.000004619
  19              0.000000485              0.000009213
  20              0.000000864              0.000017272
  21              0.000001457              0.000030594
  22              0.000002342              0.000051526
  23              0.000003609              0.000082997
  24              0.000005356              0.000128535
  25              0.000007690              0.000192255
  26              0.000010724              0.000278824
  27              0.000014571              0.000393412
  28              0.000019343              0.000541613
  29              0.000025151              0.000729373
  30              0.000032096              0.000962892
  31              0.000040275              0.001248537
  32              0.000049773              0.001592744
  33              0.000060664              0.002001927
  34              0.000073012              0.002482396
  35              0.000086865              0.003040273
  36              0.000102262              0.003681422
  37              0.000119227              0.004411385
  38              0.000137772              0.005235331
  39              0.000157898              0.006158007
  40              0.000179593              0.007183705
  41              0.000202835              0.008316234
  42              0.000227593              0.009558902
  43              0.000253826              0.010914505
  44              0.000281485              0.012385321
  45              0.000310514              0.013973115
  46              0.000340851              0.015679144
  47              0.000372429              0.017504175
  48              0.000405177              0.019448496
  49              0.000439019              0.021511940
  50              0.000473878              0.023693909
  51              0.000509674              0.025993398
  52              0.000546327              0.028409027
  53              0.000583756              0.030939065
  54              0.000621879              0.033581463
  55              0.000660616              0.036333884
  56              0.000699888              0.039193734
  57              0.000739617              0.042158192
  58              0.000779728              0.045224236
  59              0.000820147              0.048388679
  60              0.000860803              0.051648189
  61              0.000901628              0.054999322
  62              0.000942557              0.058438542
  63              0.000983528              0.061962248
  64              0.001024481              0.065566794
  65              0.001065362              0.069248512
  66              0.001106117              0.073003730
  67              0.001146698              0.076828788
  68              0.001187060              0.080720055
  69              0.001227159              0.084673943
  70              0.001266956              0.088686922
  71              0.001306416              0.092755527
  72              0.001345505              0.096876371
  73              0.001384194              0.101046152
  74              0.001422455              0.105261662
  75              0.001460264              0.109519791
  76              0.001497599              0.113817533
  77              0.001534441              0.118151990
  78              0.001570774              0.122520375
  79              0.001606582              0.126920012
  80              0.001641854              0.131348340
  81              0.001676579              0.135802914
  82              0.001710749              0.140281402
  83              0.001744356              0.144781586
  84              0.001777397              0.149301360
  85              0.001809867              0.153838729
  86              0.001841765              0.158391808
  87              0.001873090              0.162958817
  88              0.001903842              0.167538080
  89              0.001934023              0.172128023
  90              0.001963635              0.176727168
  91              0.001992683              0.181334133
  92              0.002021170              0.185947625
  93              0.002049102              0.190566440
  94              0.002076484              0.195189458
  95              0.002103323              0.199815640
  96              0.002129625              0.204444021
  97              0.002155399              0.209073712
  98              0.002180652              0.213703893
  99              0.002205392              0.218333810
 100              0.002229628              0.222962771
 101              0.002253368              0.227590145
 102              0.002276621              0.232215356
 103              0.002299397              0.236837881
 104              0.002321704              0.241457247
 105              0.002343553              0.246073028
 106              0.002364951              0.250684841
 107              0.002385910              0.255292347
 108              0.002406437              0.259895241
 109              0.002426544              0.264493258
 110              0.002446238              0.269086164
 111              0.002465529              0.273673758
 112              0.002484427              0.278255866
 113              0.002502941              0.282832343
 114              0.002521080              0.287403067
 115              0.002538852              0.291967939
 116              0.002556266              0.296526884
 117              0.002573332              0.301079842
 118              0.002590057              0.305626774
 119              0.002606451              0.310167657
 120              0.002622521              0.314702482
 121              0.002638275              0.319231254
 122              0.002653721              0.323753990
 123              0.002668868              0.328270719
 124              0.002683722              0.332781480
 125              0.002698291              0.337286319
 126              0.002712582              0.341785294
 127              0.002726602              0.346278467
 128              0.002740359              0.350765908
 129              0.002753858              0.355247692
 130              0.002767107              0.359723899
 131              0.002780112              0.364194613
 132              0.002792878              0.368659922
 133              0.002805413              0.373119918
 134              0.002817722              0.377574694
 135              0.002829810              0.382024347
 136              0.002841684              0.386468973
 137              0.002853348              0.390908673
 138              0.002864808              0.395343546
 139              0.002876070              0.399773692
 140              0.002887137              0.404199212
 141              0.002898016              0.408620207
 142              0.002908710              0.413036778
 143              0.002919224              0.417449026
 144              0.002929563              0.421857049
 145              0.002939731              0.426260947
 146              0.002949732              0.430660817
 147              0.002959570              0.435056756
 148              0.002969249              0.439448861
 149              0.002978773              0.443837224
 150              0.002988146              0.448221940
 151              0.002997372              0.452603098
 152              0.003006453              0.456980790
 153              0.003015393              0.461355103
 154              0.003024196              0.465726122
 155              0.003032864              0.470093934
 156              0.003041401              0.474458621
 157              0.003049811              0.478820264
 158              0.003058095              0.483178943
 159              0.003066256              0.487534734
 160              0.003074298              0.491887714
 161              0.003082223              0.496237957
 162              0.003090034              0.500585534
 163              0.003097733              0.504930516
 164              0.003105323              0.509272971
 165              0.003112806              0.513612966
 166              0.003120184              0.517950567
 167              0.003127460              0.522285836
 168              0.003134636              0.526618835
 169              0.003141714              0.530949624
 170              0.003148696              0.535278261
 171              0.003155584              0.539604802
 172              0.003162380              0.543929304
 173              0.003169086              0.548251818
 174              0.003175703              0.552572398
 175              0.003182235              0.556891093
 176              0.003188682              0.561207953
 177              0.003195045              0.565523025
 178              0.003201328              0.569836355
 179              0.003207531              0.574147989
 180              0.003213655              0.578457969
 181              0.003219704              0.582766338
 182              0.003225677              0.587073137
 183              0.003231576              0.591378406
 184              0.003237403              0.595682182
 185              0.003243159              0.599984504
 186              0.003248846              0.604285408
 187              0.003254465              0.608584929
 188              0.003260016              0.612883100
 189              0.003265502              0.617179956
 190              0.003270924              0.621475527
 191              0.003276282              0.625769845
 192              0.003281578              0.630062941
 193              0.003286813              0.634354843
 194              0.003291988              0.638645579
 195              0.003297103              0.642935178
 196              0.003302162              0.647223665
 197              0.003307163              0.651511067
 198              0.003312108              0.655797408
 199              0.003316999              0.660082713
 200              0.003321835              0.664367005
 201              0.003326618              0.668650306
 202              0.003331350              0.672932639
 203              0.003336030              0.677214026
 204              0.003340659              0.681494486
 205              0.003345239              0.685774041
 206              0.003349770              0.690052708
 207              0.003354254              0.694330508
 208              0.003358690              0.698607458
 209              0.003363079              0.702883576
 210              0.003367423              0.707158879
 211              0.003371722              0.711433383
 212              0.003375977              0.715707106
 213              0.003380188              0.719980061
 214              0.003384356              0.724252265
 215              0.003388482              0.728523732
 216              0.003392567              0.732794475
 217              0.003396611              0.737064509
 218              0.003400614              0.741333847
 219              0.003404578              0.745602502
 220              0.003408502              0.749870485
 221              0.003412388              0.754137808
 222              0.003416236              0.758404485
 223              0.003420047              0.762670524
 224              0.003423821              0.766935938
 225              0.003427559              0.771200736
 226              0.003431261              0.775464929
 227              0.003434927              0.779728527
 228              0.003438559              0.783991538
 229              0.003442157              0.788253972
 230              0.003445721              0.792515837
 231              0.003449252              0.796777142
 232              0.003452750              0.801037894
 233              0.003456215              0.805298103
 234              0.003459649              0.809557774
 235              0.003463051              0.813816916
 236              0.003466422              0.818075534
 237              0.003469762              0.822333637
 238              0.003473072              0.826591229
 239              0.003476353              0.830848317
 240              0.003479604              0.835104907
 241              0.003482826              0.839361004
 242              0.003486019              0.843616614
 243              0.003489184              0.847871741
 244              0.003492321              0.852126390
 245              0.003495431              0.856380567
 246              0.003498513              0.860634274
 247              0.003501569              0.864887517
 248              0.003504598              0.869140298
 249              0.003507601              0.873392622
 250              0.003510578              0.877644492
 251              0.003513530              0.881895910
 252              0.003516456              0.886146881
 253              0.003519357              0.890397406
 254              0.003522234              0.894647488
 255              0.003525087              0.898897129
 256              0.003527915              0.903146331
 257              0.003530720              0.907395097
 258              0.003533502              0.911643428
 259              0.003536260              0.915891324
 260              0.003538995              0.920138789
 261              0.003541708              0.924385821
 262              0.003544399              0.928632423
 263              0.003547067              0.932878595
 264              0.003549713              0.937124338
 265              0.003552338              0.941369651
 266              0.003554942              0.945614535
 267              0.003557524              0.949858989
 268              0.003560086              0.954103014
 269              0.003562627              0.958346609
 270              0.003565147              0.962589774
 271              0.003567648              0.966832506
 272              0.003570128              0.971074806
 273              0.003572589              0.975316672
 274              0.003575030              0.979558103
 275              0.003577451              0.983799097
 276              0.003579854              0.988039653
 277              0.003582237              0.992279768
 278              0.003584602              0.996519441
 279              0.003586949              1.000758670
 280              0.003589277              1.004997451
 281              0.003591586              1.009235783
 282              0.003593878              1.013473662
 283              0.003596152              1.017711086
 284              0.003598409              1.021948051
 285              0.003600648              1.026184555
 286              0.003602869              1.030420594
 287              0.003605074              1.034656165
 288              0.003607261              1.038891263
 289              0.003609432              1.043125885
 290              0.003611586              1.047360027
 291              0.003613724              1.051593685
 292              0.003615845              1.055826854
 293              0.003617951              1.060059529
 294              0.003620040              1.064291707
 295              0.003622113              1.068523382
 296              0.003624171              1.072754550
 297              0.003626213              1.076985205
 298              0.003628239              1.081215342
 299              0.003630251              1.085444955
 300              0.003632247              1.089674040
